e:\graphic\learnopengl\learnopengl\5.advanced_lighting__8.1.deferred_shading\x64\debug\vc143.pdb
e:\graphic\learnopengl\learnopengl\5.advanced_lighting__8.1.deferred_shading\x64\debug\vc143.idb
e:\graphic\learnopengl\learnopengl\5.advanced_lighting__8.1.deferred_shading\x64\debug\glad.obj
e:\graphic\learnopengl\learnopengl\5.advanced_lighting__8.1.deferred_shading\x64\debug\main.obj
e:\graphic\learnopengl\learnopengl\5.advanced_lighting__8.1.deferred_shading\5.advanced_lighting__8.1.deferred_shading.exe
e:\graphic\learnopengl\learnopengl\5.advanced_lighting__8.1.deferred_shading\x64\debug\5.advanced_lighting__8.1.deferred_shading.ilk
e:\graphic\learnopengl\learnopengl\5.advanced_lighting__8.1.deferred_shading\5.advanced_lighting__8.1.deferred_shading.pdb
e:\graphic\whproject\learnopengl\5.advanced_lighting__8.1.deferred_shading\x64\debug\glad.obj
e:\graphic\whproject\learnopengl\5.advanced_lighting__8.1.deferred_shading\x64\debug\main.obj
e:\graphic\whproject\learnopengl\5.advanced_lighting__8.1.deferred_shading\x64\debug\5.advanced_lighting__8.1.deferred_shading.ilk
e:\graphic\whproject\learnopengl\5.advanced_lighting__8.1.deferred_shading\x64\debug\vc143.idb
e:\graphic\whproject\learnopengl\5.advanced_lighting__8.1.deferred_shading\x64\debug\vc143.pdb
e:\graphic\whproject\learnopengl\\5.advanced_lighting__8.1.deferred_shading\5.advanced_lighting__8.1.deferred_shading.pdb
e:\graphic\whproject\learnopengl\5.advanced_lighting__8.1.deferred_shading\5.advanced_lighting__8.1.deferred_shading.exe
e:\graphic\whproject\learnopengl\5.advanced_lighting__8.1.deferred_shading\x64\debug\5.advanc.90d06ad8.tlog\cl.command.1.tlog
e:\graphic\whproject\learnopengl\5.advanced_lighting__8.1.deferred_shading\x64\debug\5.advanc.90d06ad8.tlog\cl.read.1.tlog
e:\graphic\whproject\learnopengl\5.advanced_lighting__8.1.deferred_shading\x64\debug\5.advanc.90d06ad8.tlog\cl.write.1.tlog
e:\graphic\whproject\learnopengl\5.advanced_lighting__8.1.deferred_shading\x64\debug\5.advanc.90d06ad8.tlog\link.command.1.tlog
e:\graphic\whproject\learnopengl\5.advanced_lighting__8.1.deferred_shading\x64\debug\5.advanc.90d06ad8.tlog\link.read.1.tlog
e:\graphic\whproject\learnopengl\5.advanced_lighting__8.1.deferred_shading\x64\debug\5.advanc.90d06ad8.tlog\link.write.1.tlog
