e:\graphic\learnopengl\learnopengl\6.pbr__1.1.lighting\x64\debug\vc143.pdb
e:\graphic\learnopengl\learnopengl\6.pbr__1.1.lighting\x64\debug\vc143.idb
e:\graphic\learnopengl\learnopengl\6.pbr__1.1.lighting\x64\debug\glad.obj
e:\graphic\learnopengl\learnopengl\6.pbr__1.1.lighting\x64\debug\main.obj
e:\graphic\learnopengl\learnopengl\6.pbr__1.1.lighting\6.pbr__1.1.lighting.exe
e:\graphic\learnopengl\learnopengl\6.pbr__1.1.lighting\x64\debug\6.pbr__1.1.lighting.ilk
e:\graphic\learnopengl\learnopengl\6.pbr__1.1.lighting\6.pbr__1.1.lighting.pdb
e:\graphic\whproject\learnopengl\6.pbr__1.1.lighting\x64\debug\glad.obj
e:\graphic\whproject\learnopengl\6.pbr__1.1.lighting\x64\debug\main.obj
e:\graphic\whproject\learnopengl\6.pbr__1.1.lighting\x64\debug\6.pbr__1.1.lighting.ilk
e:\graphic\whproject\learnopengl\6.pbr__1.1.lighting\x64\debug\vc143.idb
e:\graphic\whproject\learnopengl\6.pbr__1.1.lighting\x64\debug\vc143.pdb
e:\graphic\whproject\learnopengl\\6.pbr__1.1.lighting\6.pbr__1.1.lighting.pdb
e:\graphic\whproject\learnopengl\6.pbr__1.1.lighting\6.pbr__1.1.lighting.exe
e:\graphic\whproject\learnopengl\6.pbr__1.1.lighting\x64\debug\6.pbr__1.8298c9b1.tlog\cl.command.1.tlog
e:\graphic\whproject\learnopengl\6.pbr__1.1.lighting\x64\debug\6.pbr__1.8298c9b1.tlog\cl.read.1.tlog
e:\graphic\whproject\learnopengl\6.pbr__1.1.lighting\x64\debug\6.pbr__1.8298c9b1.tlog\cl.write.1.tlog
e:\graphic\whproject\learnopengl\6.pbr__1.1.lighting\x64\debug\6.pbr__1.8298c9b1.tlog\link.command.1.tlog
e:\graphic\whproject\learnopengl\6.pbr__1.1.lighting\x64\debug\6.pbr__1.8298c9b1.tlog\link.read.1.tlog
e:\graphic\whproject\learnopengl\6.pbr__1.1.lighting\x64\debug\6.pbr__1.8298c9b1.tlog\link.write.1.tlog
