e:\graphic\learnopengl\learnopengl\5.advanced_lighting__5.3.parallax_occlusion_mapping\x64\debug\vc143.pdb
e:\graphic\learnopengl\learnopengl\5.advanced_lighting__5.3.parallax_occlusion_mapping\x64\debug\vc143.idb
e:\graphic\learnopengl\learnopengl\5.advanced_lighting__5.3.parallax_occlusion_mapping\x64\debug\glad.obj
e:\graphic\learnopengl\learnopengl\5.advanced_lighting__5.3.parallax_occlusion_mapping\x64\debug\main.obj
e:\graphic\learnopengl\learnopengl\5.advanced_lighting__5.3.parallax_occlusion_mapping\5.advanced_lighting__5.3.parallax_occlusion_mapping.exe
e:\graphic\learnopengl\learnopengl\5.advanced_lighting__5.3.parallax_occlusion_mapping\x64\debug\5.advanced_lighting__5.3.parallax_occlusion_mapping.ilk
e:\graphic\learnopengl\learnopengl\5.advanced_lighting__5.3.parallax_occlusion_mapping\5.advanced_lighting__5.3.parallax_occlusion_mapping.pdb
e:\graphic\whproject\learnopengl\5.advanced_lighting__5.3.parallax_occlusion_mapping\x64\debug\glad.obj
e:\graphic\whproject\learnopengl\5.advanced_lighting__5.3.parallax_occlusion_mapping\x64\debug\main.obj
e:\graphic\whproject\learnopengl\5.advanced_lighting__5.3.parallax_occlusion_mapping\x64\debug\5.advanced_lighting__5.3.parallax_occlusion_mapping.ilk
e:\graphic\whproject\learnopengl\5.advanced_lighting__5.3.parallax_occlusion_mapping\x64\debug\vc143.idb
e:\graphic\whproject\learnopengl\5.advanced_lighting__5.3.parallax_occlusion_mapping\x64\debug\vc143.pdb
e:\graphic\whproject\learnopengl\\5.advanced_lighting__5.3.parallax_occlusion_mapping\5.advanced_lighting__5.3.parallax_occlusion_mapping.pdb
e:\graphic\whproject\learnopengl\5.advanced_lighting__5.3.parallax_occlusion_mapping\5.advanced_lighting__5.3.parallax_occlusion_mapping.exe
e:\graphic\whproject\learnopengl\5.advanced_lighting__5.3.parallax_occlusion_mapping\x64\debug\5.advanc.9cc87f5a.tlog\cl.command.1.tlog
e:\graphic\whproject\learnopengl\5.advanced_lighting__5.3.parallax_occlusion_mapping\x64\debug\5.advanc.9cc87f5a.tlog\cl.read.1.tlog
e:\graphic\whproject\learnopengl\5.advanced_lighting__5.3.parallax_occlusion_mapping\x64\debug\5.advanc.9cc87f5a.tlog\cl.write.1.tlog
e:\graphic\whproject\learnopengl\5.advanced_lighting__5.3.parallax_occlusion_mapping\x64\debug\5.advanc.9cc87f5a.tlog\link.command.1.tlog
e:\graphic\whproject\learnopengl\5.advanced_lighting__5.3.parallax_occlusion_mapping\x64\debug\5.advanc.9cc87f5a.tlog\link.read.1.tlog
e:\graphic\whproject\learnopengl\5.advanced_lighting__5.3.parallax_occlusion_mapping\x64\debug\5.advanc.9cc87f5a.tlog\link.write.1.tlog
