e:\graphic\learnopengl\learnopengl\5.advanced_lighting__3.2.2.point_shadow_soft\x64\debug\vc143.pdb
e:\graphic\learnopengl\learnopengl\5.advanced_lighting__3.2.2.point_shadow_soft\x64\debug\vc143.idb
e:\graphic\learnopengl\learnopengl\5.advanced_lighting__3.2.2.point_shadow_soft\x64\debug\glad.obj
e:\graphic\learnopengl\learnopengl\5.advanced_lighting__3.2.2.point_shadow_soft\x64\debug\main.obj
e:\graphic\learnopengl\learnopengl\5.advanced_lighting__3.2.2.point_shadow_soft\5.advanced_lighting__3.2.2.point_shadow_soft.exe
e:\graphic\learnopengl\learnopengl\5.advanced_lighting__3.2.2.point_shadow_soft\x64\debug\5.advanced_lighting__3.2.2.point_shadow_soft.ilk
e:\graphic\learnopengl\learnopengl\5.advanced_lighting__3.2.2.point_shadow_soft\5.advanced_lighting__3.2.2.point_shadow_soft.pdb
e:\graphic\whproject\learnopengl\5.advanced_lighting__3.2.2.point_shadow_soft\x64\debug\glad.obj
e:\graphic\whproject\learnopengl\5.advanced_lighting__3.2.2.point_shadow_soft\x64\debug\main.obj
e:\graphic\whproject\learnopengl\5.advanced_lighting__3.2.2.point_shadow_soft\x64\debug\5.advanced_lighting__3.2.2.point_shadow_soft.ilk
e:\graphic\whproject\learnopengl\5.advanced_lighting__3.2.2.point_shadow_soft\x64\debug\vc143.idb
e:\graphic\whproject\learnopengl\5.advanced_lighting__3.2.2.point_shadow_soft\x64\debug\vc143.pdb
e:\graphic\whproject\learnopengl\\5.advanced_lighting__3.2.2.point_shadow_soft\5.advanced_lighting__3.2.2.point_shadow_soft.pdb
e:\graphic\whproject\learnopengl\5.advanced_lighting__3.2.2.point_shadow_soft\5.advanced_lighting__3.2.2.point_shadow_soft.exe
e:\graphic\whproject\learnopengl\5.advanced_lighting__3.2.2.point_shadow_soft\x64\debug\5.advanc.9d9a9379.tlog\cl.command.1.tlog
e:\graphic\whproject\learnopengl\5.advanced_lighting__3.2.2.point_shadow_soft\x64\debug\5.advanc.9d9a9379.tlog\cl.read.1.tlog
e:\graphic\whproject\learnopengl\5.advanced_lighting__3.2.2.point_shadow_soft\x64\debug\5.advanc.9d9a9379.tlog\cl.write.1.tlog
e:\graphic\whproject\learnopengl\5.advanced_lighting__3.2.2.point_shadow_soft\x64\debug\5.advanc.9d9a9379.tlog\link.command.1.tlog
e:\graphic\whproject\learnopengl\5.advanced_lighting__3.2.2.point_shadow_soft\x64\debug\5.advanc.9d9a9379.tlog\link.read.1.tlog
e:\graphic\whproject\learnopengl\5.advanced_lighting__3.2.2.point_shadow_soft\x64\debug\5.advanc.9d9a9379.tlog\link.write.1.tlog
