e:\graphic\learnopengl\learnopengl\4.advanced_opengl__9.1.geometry_shader_houses\x64\debug\vc143.pdb
e:\graphic\learnopengl\learnopengl\4.advanced_opengl__9.1.geometry_shader_houses\x64\debug\vc143.idb
e:\graphic\learnopengl\learnopengl\4.advanced_opengl__9.1.geometry_shader_houses\x64\debug\glad.obj
e:\graphic\learnopengl\learnopengl\4.advanced_opengl__9.1.geometry_shader_houses\x64\debug\main.obj
e:\graphic\learnopengl\learnopengl\4.advanced_opengl__9.1.geometry_shader_houses\4.advanced_opengl__9.1.geometry_shader_houses.exe
e:\graphic\learnopengl\learnopengl\4.advanced_opengl__9.1.geometry_shader_houses\x64\debug\4.advanced_opengl__9.1.geometry_shader_houses.ilk
e:\graphic\learnopengl\learnopengl\4.advanced_opengl__9.1.geometry_shader_houses\4.advanced_opengl__9.1.geometry_shader_houses.pdb
e:\graphic\whproject\learnopengl\4.advanced_opengl__9.1.geometry_shader_houses\x64\debug\glad.obj
e:\graphic\whproject\learnopengl\4.advanced_opengl__9.1.geometry_shader_houses\x64\debug\main.obj
e:\graphic\whproject\learnopengl\4.advanced_opengl__9.1.geometry_shader_houses\x64\debug\4.advanced_opengl__9.1.geometry_shader_houses.ilk
e:\graphic\whproject\learnopengl\4.advanced_opengl__9.1.geometry_shader_houses\x64\debug\vc143.idb
e:\graphic\whproject\learnopengl\4.advanced_opengl__9.1.geometry_shader_houses\x64\debug\vc143.pdb
e:\graphic\whproject\learnopengl\\4.advanced_opengl__9.1.geometry_shader_houses\4.advanced_opengl__9.1.geometry_shader_houses.pdb
e:\graphic\whproject\learnopengl\4.advanced_opengl__9.1.geometry_shader_houses\4.advanced_opengl__9.1.geometry_shader_houses.exe
e:\graphic\whproject\learnopengl\4.advanced_opengl__9.1.geometry_shader_houses\x64\debug\4.advanc.1f073939.tlog\cl.command.1.tlog
e:\graphic\whproject\learnopengl\4.advanced_opengl__9.1.geometry_shader_houses\x64\debug\4.advanc.1f073939.tlog\cl.read.1.tlog
e:\graphic\whproject\learnopengl\4.advanced_opengl__9.1.geometry_shader_houses\x64\debug\4.advanc.1f073939.tlog\cl.write.1.tlog
e:\graphic\whproject\learnopengl\4.advanced_opengl__9.1.geometry_shader_houses\x64\debug\4.advanc.1f073939.tlog\link.command.1.tlog
e:\graphic\whproject\learnopengl\4.advanced_opengl__9.1.geometry_shader_houses\x64\debug\4.advanc.1f073939.tlog\link.read.1.tlog
e:\graphic\whproject\learnopengl\4.advanced_opengl__9.1.geometry_shader_houses\x64\debug\4.advanc.1f073939.tlog\link.write.1.tlog
