e:\graphic\learnopengl\learnopengl\6.pbr__2.2.1.ibl_specular\x64\debug\vc143.pdb
e:\graphic\learnopengl\learnopengl\6.pbr__2.2.1.ibl_specular\x64\debug\vc143.idb
e:\graphic\learnopengl\learnopengl\6.pbr__2.2.1.ibl_specular\x64\debug\glad.obj
e:\graphic\learnopengl\learnopengl\6.pbr__2.2.1.ibl_specular\x64\debug\main.obj
e:\graphic\learnopengl\learnopengl\6.pbr__2.2.1.ibl_specular\6.pbr__2.2.1.ibl_specular.exe
e:\graphic\learnopengl\learnopengl\6.pbr__2.2.1.ibl_specular\x64\debug\6.pbr__2.2.1.ibl_specular.ilk
e:\graphic\learnopengl\learnopengl\6.pbr__2.2.1.ibl_specular\6.pbr__2.2.1.ibl_specular.pdb
e:\graphic\whproject\learnopengl\6.pbr__2.2.1.ibl_specular\x64\debug\glad.obj
e:\graphic\whproject\learnopengl\6.pbr__2.2.1.ibl_specular\x64\debug\main.obj
e:\graphic\whproject\learnopengl\6.pbr__2.2.1.ibl_specular\x64\debug\6.pbr__2.2.1.ibl_specular.ilk
e:\graphic\whproject\learnopengl\6.pbr__2.2.1.ibl_specular\x64\debug\vc143.idb
e:\graphic\whproject\learnopengl\6.pbr__2.2.1.ibl_specular\x64\debug\vc143.pdb
e:\graphic\whproject\learnopengl\\6.pbr__2.2.1.ibl_specular\6.pbr__2.2.1.ibl_specular.pdb
e:\graphic\whproject\learnopengl\6.pbr__2.2.1.ibl_specular\6.pbr__2.2.1.ibl_specular.exe
e:\graphic\whproject\learnopengl\6.pbr__2.2.1.ibl_specular\x64\debug\6.pbr__2.63bdd9c5.tlog\cl.command.1.tlog
e:\graphic\whproject\learnopengl\6.pbr__2.2.1.ibl_specular\x64\debug\6.pbr__2.63bdd9c5.tlog\cl.items.tlog
e:\graphic\whproject\learnopengl\6.pbr__2.2.1.ibl_specular\x64\debug\6.pbr__2.63bdd9c5.tlog\cl.read.1.tlog
e:\graphic\whproject\learnopengl\6.pbr__2.2.1.ibl_specular\x64\debug\6.pbr__2.63bdd9c5.tlog\cl.write.1.tlog
e:\graphic\whproject\learnopengl\6.pbr__2.2.1.ibl_specular\x64\debug\6.pbr__2.63bdd9c5.tlog\link.command.1.tlog
e:\graphic\whproject\learnopengl\6.pbr__2.2.1.ibl_specular\x64\debug\6.pbr__2.63bdd9c5.tlog\link.read.1.tlog
e:\graphic\whproject\learnopengl\6.pbr__2.2.1.ibl_specular\x64\debug\6.pbr__2.63bdd9c5.tlog\link.write.1.tlog
