e:\graphic\learnopengl\learnopengl\5.advanced_lighting__4.normal_mapping\x64\debug\vc143.pdb
e:\graphic\learnopengl\learnopengl\5.advanced_lighting__4.normal_mapping\x64\debug\vc143.idb
e:\graphic\learnopengl\learnopengl\5.advanced_lighting__4.normal_mapping\x64\debug\glad.obj
e:\graphic\learnopengl\learnopengl\5.advanced_lighting__4.normal_mapping\x64\debug\main.obj
e:\graphic\learnopengl\learnopengl\5.advanced_lighting__4.normal_mapping\5.advanced_lighting__4.normal_mapping.exe
e:\graphic\learnopengl\learnopengl\5.advanced_lighting__4.normal_mapping\x64\debug\5.advanced_lighting__4.normal_mapping.ilk
e:\graphic\learnopengl\learnopengl\5.advanced_lighting__4.normal_mapping\5.advanced_lighting__4.normal_mapping.pdb
e:\graphic\whproject\learnopengl\5.advanced_lighting__4.normal_mapping\x64\debug\glad.obj
e:\graphic\whproject\learnopengl\5.advanced_lighting__4.normal_mapping\x64\debug\main.obj
e:\graphic\whproject\learnopengl\5.advanced_lighting__4.normal_mapping\x64\debug\5.advanced_lighting__4.normal_mapping.ilk
e:\graphic\whproject\learnopengl\5.advanced_lighting__4.normal_mapping\x64\debug\vc143.idb
e:\graphic\whproject\learnopengl\5.advanced_lighting__4.normal_mapping\x64\debug\vc143.pdb
e:\graphic\whproject\learnopengl\\5.advanced_lighting__4.normal_mapping\5.advanced_lighting__4.normal_mapping.pdb
e:\graphic\whproject\learnopengl\5.advanced_lighting__4.normal_mapping\5.advanced_lighting__4.normal_mapping.exe
e:\graphic\whproject\learnopengl\5.advanced_lighting__4.normal_mapping\x64\debug\5.advanc.efd57358.tlog\cl.command.1.tlog
e:\graphic\whproject\learnopengl\5.advanced_lighting__4.normal_mapping\x64\debug\5.advanc.efd57358.tlog\cl.items.tlog
e:\graphic\whproject\learnopengl\5.advanced_lighting__4.normal_mapping\x64\debug\5.advanc.efd57358.tlog\cl.read.1.tlog
e:\graphic\whproject\learnopengl\5.advanced_lighting__4.normal_mapping\x64\debug\5.advanc.efd57358.tlog\cl.write.1.tlog
e:\graphic\whproject\learnopengl\5.advanced_lighting__4.normal_mapping\x64\debug\5.advanc.efd57358.tlog\link.command.1.tlog
e:\graphic\whproject\learnopengl\5.advanced_lighting__4.normal_mapping\x64\debug\5.advanc.efd57358.tlog\link.read.1.tlog
e:\graphic\whproject\learnopengl\5.advanced_lighting__4.normal_mapping\x64\debug\5.advanc.efd57358.tlog\link.write.1.tlog
