e:\graphic\learnopengl\learnopengl\5.advanced_lighting__8.2.deferred_shading_volumes\x64\debug\vc143.pdb
e:\graphic\learnopengl\learnopengl\5.advanced_lighting__8.2.deferred_shading_volumes\x64\debug\vc143.idb
e:\graphic\learnopengl\learnopengl\5.advanced_lighting__8.2.deferred_shading_volumes\x64\debug\glad.obj
e:\graphic\learnopengl\learnopengl\5.advanced_lighting__8.2.deferred_shading_volumes\x64\debug\main.obj
e:\graphic\learnopengl\learnopengl\5.advanced_lighting__8.2.deferred_shading_volumes\5.advanced_lighting__8.2.deferred_shading_volumes.exe
e:\graphic\learnopengl\learnopengl\5.advanced_lighting__8.2.deferred_shading_volumes\x64\debug\5.advanced_lighting__8.2.deferred_shading_volumes.ilk
e:\graphic\learnopengl\learnopengl\5.advanced_lighting__8.2.deferred_shading_volumes\5.advanced_lighting__8.2.deferred_shading_volumes.pdb
e:\graphic\whproject\learnopengl\5.advanced_lighting__8.2.deferred_shading_volumes\x64\debug\glad.obj
e:\graphic\whproject\learnopengl\5.advanced_lighting__8.2.deferred_shading_volumes\x64\debug\main.obj
e:\graphic\whproject\learnopengl\5.advanced_lighting__8.2.deferred_shading_volumes\x64\debug\5.advanced_lighting__8.2.deferred_shading_volumes.ilk
e:\graphic\whproject\learnopengl\5.advanced_lighting__8.2.deferred_shading_volumes\x64\debug\vc143.idb
e:\graphic\whproject\learnopengl\5.advanced_lighting__8.2.deferred_shading_volumes\x64\debug\vc143.pdb
e:\graphic\whproject\learnopengl\\5.advanced_lighting__8.2.deferred_shading_volumes\5.advanced_lighting__8.2.deferred_shading_volumes.pdb
e:\graphic\whproject\learnopengl\5.advanced_lighting__8.2.deferred_shading_volumes\5.advanced_lighting__8.2.deferred_shading_volumes.exe
e:\graphic\whproject\learnopengl\5.advanced_lighting__8.2.deferred_shading_volumes\x64\debug\5.advanc.0f879fed.tlog\cl.command.1.tlog
e:\graphic\whproject\learnopengl\5.advanced_lighting__8.2.deferred_shading_volumes\x64\debug\5.advanc.0f879fed.tlog\cl.read.1.tlog
e:\graphic\whproject\learnopengl\5.advanced_lighting__8.2.deferred_shading_volumes\x64\debug\5.advanc.0f879fed.tlog\cl.write.1.tlog
e:\graphic\whproject\learnopengl\5.advanced_lighting__8.2.deferred_shading_volumes\x64\debug\5.advanc.0f879fed.tlog\link.command.1.tlog
e:\graphic\whproject\learnopengl\5.advanced_lighting__8.2.deferred_shading_volumes\x64\debug\5.advanc.0f879fed.tlog\link.read.1.tlog
e:\graphic\whproject\learnopengl\5.advanced_lighting__8.2.deferred_shading_volumes\x64\debug\5.advanc.0f879fed.tlog\link.write.1.tlog
