e:\graphic\learnopengl\learnopengl\4.advanced_opengl__9.3.geometry_shader_normals\x64\debug\vc143.pdb
e:\graphic\learnopengl\learnopengl\4.advanced_opengl__9.3.geometry_shader_normals\x64\debug\vc143.idb
e:\graphic\learnopengl\learnopengl\4.advanced_opengl__9.3.geometry_shader_normals\x64\debug\glad.obj
e:\graphic\learnopengl\learnopengl\4.advanced_opengl__9.3.geometry_shader_normals\x64\debug\main.obj
e:\graphic\learnopengl\learnopengl\4.advanced_opengl__9.3.geometry_shader_normals\4.advanced_opengl__9.3.geometry_shader_normals.exe
e:\graphic\learnopengl\learnopengl\4.advanced_opengl__9.3.geometry_shader_normals\x64\debug\4.advanced_opengl__9.3.geometry_shader_normals.ilk
e:\graphic\learnopengl\learnopengl\4.advanced_opengl__9.3.geometry_shader_normals\4.advanced_opengl__9.3.geometry_shader_normals.pdb
e:\graphic\whproject\learnopengl\4.advanced_opengl__9.3.geometry_shader_normals\x64\debug\glad.obj
e:\graphic\whproject\learnopengl\4.advanced_opengl__9.3.geometry_shader_normals\x64\debug\main.obj
e:\graphic\whproject\learnopengl\4.advanced_opengl__9.3.geometry_shader_normals\x64\debug\4.advanced_opengl__9.3.geometry_shader_normals.ilk
e:\graphic\whproject\learnopengl\4.advanced_opengl__9.3.geometry_shader_normals\x64\debug\vc143.idb
e:\graphic\whproject\learnopengl\4.advanced_opengl__9.3.geometry_shader_normals\x64\debug\vc143.pdb
e:\graphic\whproject\learnopengl\\4.advanced_opengl__9.3.geometry_shader_normals\4.advanced_opengl__9.3.geometry_shader_normals.pdb
e:\graphic\whproject\learnopengl\4.advanced_opengl__9.3.geometry_shader_normals\4.advanced_opengl__9.3.geometry_shader_normals.exe
e:\graphic\whproject\learnopengl\4.advanced_opengl__9.3.geometry_shader_normals\x64\debug\4.advanc.ac530e0b.tlog\cl.command.1.tlog
e:\graphic\whproject\learnopengl\4.advanced_opengl__9.3.geometry_shader_normals\x64\debug\4.advanc.ac530e0b.tlog\cl.read.1.tlog
e:\graphic\whproject\learnopengl\4.advanced_opengl__9.3.geometry_shader_normals\x64\debug\4.advanc.ac530e0b.tlog\cl.write.1.tlog
e:\graphic\whproject\learnopengl\4.advanced_opengl__9.3.geometry_shader_normals\x64\debug\4.advanc.ac530e0b.tlog\link.command.1.tlog
e:\graphic\whproject\learnopengl\4.advanced_opengl__9.3.geometry_shader_normals\x64\debug\4.advanc.ac530e0b.tlog\link.read.1.tlog
e:\graphic\whproject\learnopengl\4.advanced_opengl__9.3.geometry_shader_normals\x64\debug\4.advanc.ac530e0b.tlog\link.write.1.tlog
