e:\graphic\learnopengl\learnopengl\5.advanced_lighting__2.gamma_correction\x64\debug\vc143.pdb
e:\graphic\learnopengl\learnopengl\5.advanced_lighting__2.gamma_correction\x64\debug\vc143.idb
e:\graphic\learnopengl\learnopengl\5.advanced_lighting__2.gamma_correction\x64\debug\glad.obj
e:\graphic\learnopengl\learnopengl\5.advanced_lighting__2.gamma_correction\x64\debug\main.obj
e:\graphic\learnopengl\learnopengl\5.advanced_lighting__2.gamma_correction\5.advanced_lighting__2.gamma_correction.exe
e:\graphic\learnopengl\learnopengl\5.advanced_lighting__2.gamma_correction\x64\debug\5.advanced_lighting__2.gamma_correction.ilk
e:\graphic\learnopengl\learnopengl\5.advanced_lighting__2.gamma_correction\5.advanced_lighting__2.gamma_correction.pdb
e:\graphic\whproject\learnopengl\5.advanced_lighting__2.gamma_correction\x64\debug\glad.obj
e:\graphic\whproject\learnopengl\5.advanced_lighting__2.gamma_correction\x64\debug\main.obj
e:\graphic\whproject\learnopengl\5.advanced_lighting__2.gamma_correction\x64\debug\5.advanced_lighting__2.gamma_correction.ilk
e:\graphic\whproject\learnopengl\5.advanced_lighting__2.gamma_correction\x64\debug\vc143.idb
e:\graphic\whproject\learnopengl\5.advanced_lighting__2.gamma_correction\x64\debug\vc143.pdb
e:\graphic\whproject\learnopengl\\5.advanced_lighting__2.gamma_correction\5.advanced_lighting__2.gamma_correction.pdb
e:\graphic\whproject\learnopengl\5.advanced_lighting__2.gamma_correction\5.advanced_lighting__2.gamma_correction.exe
e:\graphic\whproject\learnopengl\5.advanced_lighting__2.gamma_correction\x64\debug\5.advanc.114dfb1e.tlog\cl.command.1.tlog
e:\graphic\whproject\learnopengl\5.advanced_lighting__2.gamma_correction\x64\debug\5.advanc.114dfb1e.tlog\cl.read.1.tlog
e:\graphic\whproject\learnopengl\5.advanced_lighting__2.gamma_correction\x64\debug\5.advanc.114dfb1e.tlog\cl.write.1.tlog
e:\graphic\whproject\learnopengl\5.advanced_lighting__2.gamma_correction\x64\debug\5.advanc.114dfb1e.tlog\link.command.1.tlog
e:\graphic\whproject\learnopengl\5.advanced_lighting__2.gamma_correction\x64\debug\5.advanc.114dfb1e.tlog\link.read.1.tlog
e:\graphic\whproject\learnopengl\5.advanced_lighting__2.gamma_correction\x64\debug\5.advanc.114dfb1e.tlog\link.write.1.tlog
