e:\graphic\learnopengl\learnopengl\6.pbr__2.1.1.ibl_irradiance_conversion\x64\debug\vc143.pdb
e:\graphic\learnopengl\learnopengl\6.pbr__2.1.1.ibl_irradiance_conversion\x64\debug\vc143.idb
e:\graphic\learnopengl\learnopengl\6.pbr__2.1.1.ibl_irradiance_conversion\x64\debug\glad.obj
e:\graphic\learnopengl\learnopengl\6.pbr__2.1.1.ibl_irradiance_conversion\x64\debug\main.obj
e:\graphic\learnopengl\learnopengl\6.pbr__2.1.1.ibl_irradiance_conversion\6.pbr__2.1.1.ibl_irradiance_conversion.exe
e:\graphic\learnopengl\learnopengl\6.pbr__2.1.1.ibl_irradiance_conversion\x64\debug\6.pbr__2.1.1.ibl_irradiance_conversion.ilk
e:\graphic\learnopengl\learnopengl\6.pbr__2.1.1.ibl_irradiance_conversion\6.pbr__2.1.1.ibl_irradiance_conversion.pdb
e:\graphic\whproject\learnopengl\6.pbr__2.1.1.ibl_irradiance_conversion\x64\debug\glad.obj
e:\graphic\whproject\learnopengl\6.pbr__2.1.1.ibl_irradiance_conversion\x64\debug\main.obj
e:\graphic\whproject\learnopengl\6.pbr__2.1.1.ibl_irradiance_conversion\x64\debug\6.pbr__2.1.1.ibl_irradiance_conversion.ilk
e:\graphic\whproject\learnopengl\6.pbr__2.1.1.ibl_irradiance_conversion\x64\debug\vc143.idb
e:\graphic\whproject\learnopengl\6.pbr__2.1.1.ibl_irradiance_conversion\x64\debug\vc143.pdb
e:\graphic\whproject\learnopengl\\6.pbr__2.1.1.ibl_irradiance_conversion\6.pbr__2.1.1.ibl_irradiance_conversion.pdb
e:\graphic\whproject\learnopengl\6.pbr__2.1.1.ibl_irradiance_conversion\6.pbr__2.1.1.ibl_irradiance_conversion.exe
e:\graphic\whproject\learnopengl\6.pbr__2.1.1.ibl_irradiance_conversion\x64\debug\6.pbr__2.1cf11f47.tlog\cl.command.1.tlog
e:\graphic\whproject\learnopengl\6.pbr__2.1.1.ibl_irradiance_conversion\x64\debug\6.pbr__2.1cf11f47.tlog\cl.items.tlog
e:\graphic\whproject\learnopengl\6.pbr__2.1.1.ibl_irradiance_conversion\x64\debug\6.pbr__2.1cf11f47.tlog\cl.read.1.tlog
e:\graphic\whproject\learnopengl\6.pbr__2.1.1.ibl_irradiance_conversion\x64\debug\6.pbr__2.1cf11f47.tlog\cl.write.1.tlog
e:\graphic\whproject\learnopengl\6.pbr__2.1.1.ibl_irradiance_conversion\x64\debug\6.pbr__2.1cf11f47.tlog\link.command.1.tlog
e:\graphic\whproject\learnopengl\6.pbr__2.1.1.ibl_irradiance_conversion\x64\debug\6.pbr__2.1cf11f47.tlog\link.read.1.tlog
e:\graphic\whproject\learnopengl\6.pbr__2.1.1.ibl_irradiance_conversion\x64\debug\6.pbr__2.1cf11f47.tlog\link.write.1.tlog
