e:\graphic\learnopengl\learnopengl\5.advanced_lighting__3.1.1.shadow_mapping_depth\x64\debug\vc143.pdb
e:\graphic\learnopengl\learnopengl\5.advanced_lighting__3.1.1.shadow_mapping_depth\x64\debug\vc143.idb
e:\graphic\learnopengl\learnopengl\5.advanced_lighting__3.1.1.shadow_mapping_depth\x64\debug\glad.obj
e:\graphic\learnopengl\learnopengl\5.advanced_lighting__3.1.1.shadow_mapping_depth\x64\debug\main.obj
e:\graphic\learnopengl\learnopengl\5.advanced_lighting__3.1.1.shadow_mapping_depth\5.advanced_lighting__3.1.1.shadow_mapping_depth.exe
e:\graphic\learnopengl\learnopengl\5.advanced_lighting__3.1.1.shadow_mapping_depth\x64\debug\5.advanced_lighting__3.1.1.shadow_mapping_depth.ilk
e:\graphic\learnopengl\learnopengl\5.advanced_lighting__3.1.1.shadow_mapping_depth\5.advanced_lighting__3.1.1.shadow_mapping_depth.pdb
e:\graphic\whproject\learnopengl\5.advanced_lighting__3.1.1.shadow_mapping_depth\x64\debug\glad.obj
e:\graphic\whproject\learnopengl\5.advanced_lighting__3.1.1.shadow_mapping_depth\x64\debug\main.obj
e:\graphic\whproject\learnopengl\5.advanced_lighting__3.1.1.shadow_mapping_depth\x64\debug\5.advanced_lighting__3.1.1.shadow_mapping_depth.ilk
e:\graphic\whproject\learnopengl\5.advanced_lighting__3.1.1.shadow_mapping_depth\x64\debug\vc143.idb
e:\graphic\whproject\learnopengl\5.advanced_lighting__3.1.1.shadow_mapping_depth\x64\debug\vc143.pdb
e:\graphic\whproject\learnopengl\\5.advanced_lighting__3.1.1.shadow_mapping_depth\5.advanced_lighting__3.1.1.shadow_mapping_depth.pdb
e:\graphic\whproject\learnopengl\5.advanced_lighting__3.1.1.shadow_mapping_depth\5.advanced_lighting__3.1.1.shadow_mapping_depth.exe
e:\graphic\whproject\learnopengl\5.advanced_lighting__3.1.1.shadow_mapping_depth\x64\debug\5.advanc.ba69837b.tlog\cl.command.1.tlog
e:\graphic\whproject\learnopengl\5.advanced_lighting__3.1.1.shadow_mapping_depth\x64\debug\5.advanc.ba69837b.tlog\cl.read.1.tlog
e:\graphic\whproject\learnopengl\5.advanced_lighting__3.1.1.shadow_mapping_depth\x64\debug\5.advanc.ba69837b.tlog\cl.write.1.tlog
e:\graphic\whproject\learnopengl\5.advanced_lighting__3.1.1.shadow_mapping_depth\x64\debug\5.advanc.ba69837b.tlog\link.command.1.tlog
e:\graphic\whproject\learnopengl\5.advanced_lighting__3.1.1.shadow_mapping_depth\x64\debug\5.advanc.ba69837b.tlog\link.read.1.tlog
e:\graphic\whproject\learnopengl\5.advanced_lighting__3.1.1.shadow_mapping_depth\x64\debug\5.advanc.ba69837b.tlog\link.write.1.tlog
