e:\graphic\learnopengl\learnopengl\5.advanced_lighting__5.1.parallax_mapping\x64\debug\vc143.pdb
e:\graphic\learnopengl\learnopengl\5.advanced_lighting__5.1.parallax_mapping\x64\debug\vc143.idb
e:\graphic\learnopengl\learnopengl\5.advanced_lighting__5.1.parallax_mapping\x64\debug\glad.obj
e:\graphic\learnopengl\learnopengl\5.advanced_lighting__5.1.parallax_mapping\x64\debug\main.obj
e:\graphic\learnopengl\learnopengl\5.advanced_lighting__5.1.parallax_mapping\5.advanced_lighting__5.1.parallax_mapping.exe
e:\graphic\learnopengl\learnopengl\5.advanced_lighting__5.1.parallax_mapping\x64\debug\5.advanced_lighting__5.1.parallax_mapping.ilk
e:\graphic\learnopengl\learnopengl\5.advanced_lighting__5.1.parallax_mapping\5.advanced_lighting__5.1.parallax_mapping.pdb
e:\graphic\whproject\learnopengl\5.advanced_lighting__5.1.parallax_mapping\x64\debug\glad.obj
e:\graphic\whproject\learnopengl\5.advanced_lighting__5.1.parallax_mapping\x64\debug\main.obj
e:\graphic\whproject\learnopengl\5.advanced_lighting__5.1.parallax_mapping\x64\debug\5.advanced_lighting__5.1.parallax_mapping.ilk
e:\graphic\whproject\learnopengl\5.advanced_lighting__5.1.parallax_mapping\x64\debug\vc143.idb
e:\graphic\whproject\learnopengl\5.advanced_lighting__5.1.parallax_mapping\x64\debug\vc143.pdb
e:\graphic\whproject\learnopengl\\5.advanced_lighting__5.1.parallax_mapping\5.advanced_lighting__5.1.parallax_mapping.pdb
e:\graphic\whproject\learnopengl\5.advanced_lighting__5.1.parallax_mapping\5.advanced_lighting__5.1.parallax_mapping.exe
e:\graphic\whproject\learnopengl\5.advanced_lighting__5.1.parallax_mapping\x64\debug\5.advanc.60292a28.tlog\cl.command.1.tlog
e:\graphic\whproject\learnopengl\5.advanced_lighting__5.1.parallax_mapping\x64\debug\5.advanc.60292a28.tlog\cl.read.1.tlog
e:\graphic\whproject\learnopengl\5.advanced_lighting__5.1.parallax_mapping\x64\debug\5.advanc.60292a28.tlog\cl.write.1.tlog
e:\graphic\whproject\learnopengl\5.advanced_lighting__5.1.parallax_mapping\x64\debug\5.advanc.60292a28.tlog\link.command.1.tlog
e:\graphic\whproject\learnopengl\5.advanced_lighting__5.1.parallax_mapping\x64\debug\5.advanc.60292a28.tlog\link.read.1.tlog
e:\graphic\whproject\learnopengl\5.advanced_lighting__5.1.parallax_mapping\x64\debug\5.advanc.60292a28.tlog\link.write.1.tlog
