e:\graphic\learnopengl\learnopengl\5.advanced_lighting__9.ssao\x64\debug\vc143.pdb
e:\graphic\learnopengl\learnopengl\5.advanced_lighting__9.ssao\x64\debug\vc143.idb
e:\graphic\learnopengl\learnopengl\5.advanced_lighting__9.ssao\x64\debug\glad.obj
e:\graphic\learnopengl\learnopengl\5.advanced_lighting__9.ssao\x64\debug\main.obj
e:\graphic\learnopengl\learnopengl\5.advanced_lighting__9.ssao\5.advanced_lighting__9.ssao.exe
e:\graphic\learnopengl\learnopengl\5.advanced_lighting__9.ssao\x64\debug\5.advanced_lighting__9.ssao.ilk
e:\graphic\learnopengl\learnopengl\5.advanced_lighting__9.ssao\5.advanced_lighting__9.ssao.pdb
e:\graphic\whproject\learnopengl\5.advanced_lighting__9.ssao\x64\debug\glad.obj
e:\graphic\whproject\learnopengl\5.advanced_lighting__9.ssao\x64\debug\main.obj
e:\graphic\whproject\learnopengl\5.advanced_lighting__9.ssao\x64\debug\5.advanced_lighting__9.ssao.ilk
e:\graphic\whproject\learnopengl\5.advanced_lighting__9.ssao\x64\debug\vc143.idb
e:\graphic\whproject\learnopengl\5.advanced_lighting__9.ssao\x64\debug\vc143.pdb
e:\graphic\whproject\learnopengl\\5.advanced_lighting__9.ssao\5.advanced_lighting__9.ssao.pdb
e:\graphic\whproject\learnopengl\5.advanced_lighting__9.ssao\5.advanced_lighting__9.ssao.exe
e:\graphic\whproject\learnopengl\5.advanced_lighting__9.ssao\x64\debug\5.advanc.3742a540.tlog\cl.command.1.tlog
e:\graphic\whproject\learnopengl\5.advanced_lighting__9.ssao\x64\debug\5.advanc.3742a540.tlog\cl.read.1.tlog
e:\graphic\whproject\learnopengl\5.advanced_lighting__9.ssao\x64\debug\5.advanc.3742a540.tlog\cl.write.1.tlog
e:\graphic\whproject\learnopengl\5.advanced_lighting__9.ssao\x64\debug\5.advanc.3742a540.tlog\link.command.1.tlog
e:\graphic\whproject\learnopengl\5.advanced_lighting__9.ssao\x64\debug\5.advanc.3742a540.tlog\link.read.1.tlog
e:\graphic\whproject\learnopengl\5.advanced_lighting__9.ssao\x64\debug\5.advanc.3742a540.tlog\link.write.1.tlog
