e:\graphic\learnopengl\learnopengl\4.advanced_opengl__9.2.geometry_shader_exploding\x64\debug\vc143.pdb
e:\graphic\learnopengl\learnopengl\4.advanced_opengl__9.2.geometry_shader_exploding\x64\debug\vc143.idb
e:\graphic\learnopengl\learnopengl\4.advanced_opengl__9.2.geometry_shader_exploding\x64\debug\glad.obj
e:\graphic\learnopengl\learnopengl\4.advanced_opengl__9.2.geometry_shader_exploding\x64\debug\main.obj
e:\graphic\learnopengl\learnopengl\4.advanced_opengl__9.2.geometry_shader_exploding\4.advanced_opengl__9.2.geometry_shader_exploding.exe
e:\graphic\learnopengl\learnopengl\4.advanced_opengl__9.2.geometry_shader_exploding\x64\debug\4.advanced_opengl__9.2.geometry_shader_exploding.ilk
e:\graphic\learnopengl\learnopengl\4.advanced_opengl__9.2.geometry_shader_exploding\4.advanced_opengl__9.2.geometry_shader_exploding.pdb
e:\graphic\whproject\learnopengl\4.advanced_opengl__9.2.geometry_shader_exploding\x64\debug\glad.obj
e:\graphic\whproject\learnopengl\4.advanced_opengl__9.2.geometry_shader_exploding\x64\debug\main.obj
e:\graphic\whproject\learnopengl\4.advanced_opengl__9.2.geometry_shader_exploding\x64\debug\4.advanced_opengl__9.2.geometry_shader_exploding.ilk
e:\graphic\whproject\learnopengl\4.advanced_opengl__9.2.geometry_shader_exploding\x64\debug\vc143.idb
e:\graphic\whproject\learnopengl\4.advanced_opengl__9.2.geometry_shader_exploding\x64\debug\vc143.pdb
e:\graphic\whproject\learnopengl\\4.advanced_opengl__9.2.geometry_shader_exploding\4.advanced_opengl__9.2.geometry_shader_exploding.pdb
e:\graphic\whproject\learnopengl\4.advanced_opengl__9.2.geometry_shader_exploding\4.advanced_opengl__9.2.geometry_shader_exploding.exe
e:\graphic\whproject\learnopengl\4.advanced_opengl__9.2.geometry_shader_exploding\x64\debug\4.advanc.9995df86.tlog\cl.command.1.tlog
e:\graphic\whproject\learnopengl\4.advanced_opengl__9.2.geometry_shader_exploding\x64\debug\4.advanc.9995df86.tlog\cl.read.1.tlog
e:\graphic\whproject\learnopengl\4.advanced_opengl__9.2.geometry_shader_exploding\x64\debug\4.advanc.9995df86.tlog\cl.write.1.tlog
e:\graphic\whproject\learnopengl\4.advanced_opengl__9.2.geometry_shader_exploding\x64\debug\4.advanc.9995df86.tlog\link.command.1.tlog
e:\graphic\whproject\learnopengl\4.advanced_opengl__9.2.geometry_shader_exploding\x64\debug\4.advanc.9995df86.tlog\link.read.1.tlog
e:\graphic\whproject\learnopengl\4.advanced_opengl__9.2.geometry_shader_exploding\x64\debug\4.advanc.9995df86.tlog\link.write.1.tlog
