e:\graphic\learnopengl\learnopengl\4.advanced_opengl__10.3.asteroids_instanced\x64\debug\vc143.pdb
e:\graphic\learnopengl\learnopengl\4.advanced_opengl__10.3.asteroids_instanced\x64\debug\vc143.idb
e:\graphic\learnopengl\learnopengl\4.advanced_opengl__10.3.asteroids_instanced\x64\debug\glad.obj
e:\graphic\learnopengl\learnopengl\4.advanced_opengl__10.3.asteroids_instanced\x64\debug\main.obj
e:\graphic\learnopengl\learnopengl\4.advanced_opengl__10.3.asteroids_instanced\4.advanced_opengl__10.3.asteroids_instanced.exe
e:\graphic\learnopengl\learnopengl\4.advanced_opengl__10.3.asteroids_instanced\x64\debug\4.advanced_opengl__10.3.asteroids_instanced.ilk
e:\graphic\learnopengl\learnopengl\4.advanced_opengl__10.3.asteroids_instanced\4.advanced_opengl__10.3.asteroids_instanced.pdb
e:\graphic\whproject\learnopengl\4.advanced_opengl__10.3.asteroids_instanced\x64\debug\glad.obj
e:\graphic\whproject\learnopengl\4.advanced_opengl__10.3.asteroids_instanced\x64\debug\main.obj
e:\graphic\whproject\learnopengl\4.advanced_opengl__10.3.asteroids_instanced\x64\debug\4.advanced_opengl__10.3.asteroids_instanced.ilk
e:\graphic\whproject\learnopengl\4.advanced_opengl__10.3.asteroids_instanced\x64\debug\vc143.idb
e:\graphic\whproject\learnopengl\4.advanced_opengl__10.3.asteroids_instanced\x64\debug\vc143.pdb
e:\graphic\whproject\learnopengl\\4.advanced_opengl__10.3.asteroids_instanced\4.advanced_opengl__10.3.asteroids_instanced.pdb
e:\graphic\whproject\learnopengl\4.advanced_opengl__10.3.asteroids_instanced\4.advanced_opengl__10.3.asteroids_instanced.exe
e:\graphic\whproject\learnopengl\4.advanced_opengl__10.3.asteroids_instanced\x64\debug\4.advanc.239a9c51.tlog\cl.command.1.tlog
e:\graphic\whproject\learnopengl\4.advanced_opengl__10.3.asteroids_instanced\x64\debug\4.advanc.239a9c51.tlog\cl.read.1.tlog
e:\graphic\whproject\learnopengl\4.advanced_opengl__10.3.asteroids_instanced\x64\debug\4.advanc.239a9c51.tlog\cl.write.1.tlog
e:\graphic\whproject\learnopengl\4.advanced_opengl__10.3.asteroids_instanced\x64\debug\4.advanc.239a9c51.tlog\link.command.1.tlog
e:\graphic\whproject\learnopengl\4.advanced_opengl__10.3.asteroids_instanced\x64\debug\4.advanc.239a9c51.tlog\link.read.1.tlog
e:\graphic\whproject\learnopengl\4.advanced_opengl__10.3.asteroids_instanced\x64\debug\4.advanc.239a9c51.tlog\link.write.1.tlog
