e:\graphic\learnopengl\learnopengl\4.advanced_opengl__11.2.anti_aliasing_offscreen\x64\debug\vc143.pdb
e:\graphic\learnopengl\learnopengl\4.advanced_opengl__11.2.anti_aliasing_offscreen\x64\debug\vc143.idb
e:\graphic\learnopengl\learnopengl\4.advanced_opengl__11.2.anti_aliasing_offscreen\x64\debug\glad.obj
e:\graphic\learnopengl\learnopengl\4.advanced_opengl__11.2.anti_aliasing_offscreen\x64\debug\main.obj
e:\graphic\learnopengl\learnopengl\4.advanced_opengl__11.2.anti_aliasing_offscreen\4.advanced_opengl__11.2.anti_aliasing_offscreen.exe
e:\graphic\learnopengl\learnopengl\4.advanced_opengl__11.2.anti_aliasing_offscreen\x64\debug\4.advanced_opengl__11.2.anti_aliasing_offscreen.ilk
e:\graphic\learnopengl\learnopengl\4.advanced_opengl__11.2.anti_aliasing_offscreen\4.advanced_opengl__11.2.anti_aliasing_offscreen.pdb
e:\graphic\whproject\learnopengl\4.advanced_opengl__11.2.anti_aliasing_offscreen\x64\debug\glad.obj
e:\graphic\whproject\learnopengl\4.advanced_opengl__11.2.anti_aliasing_offscreen\x64\debug\main.obj
e:\graphic\whproject\learnopengl\4.advanced_opengl__11.2.anti_aliasing_offscreen\x64\debug\4.advanced_opengl__11.2.anti_aliasing_offscreen.ilk
e:\graphic\whproject\learnopengl\4.advanced_opengl__11.2.anti_aliasing_offscreen\x64\debug\vc143.idb
e:\graphic\whproject\learnopengl\4.advanced_opengl__11.2.anti_aliasing_offscreen\x64\debug\vc143.pdb
e:\graphic\whproject\learnopengl\\4.advanced_opengl__11.2.anti_aliasing_offscreen\4.advanced_opengl__11.2.anti_aliasing_offscreen.pdb
e:\graphic\whproject\learnopengl\4.advanced_opengl__11.2.anti_aliasing_offscreen\4.advanced_opengl__11.2.anti_aliasing_offscreen.exe
e:\graphic\whproject\learnopengl\4.advanced_opengl__11.2.anti_aliasing_offscreen\x64\debug\4.advanc.11f0f5a2.tlog\cl.command.1.tlog
e:\graphic\whproject\learnopengl\4.advanced_opengl__11.2.anti_aliasing_offscreen\x64\debug\4.advanc.11f0f5a2.tlog\cl.read.1.tlog
e:\graphic\whproject\learnopengl\4.advanced_opengl__11.2.anti_aliasing_offscreen\x64\debug\4.advanc.11f0f5a2.tlog\cl.write.1.tlog
e:\graphic\whproject\learnopengl\4.advanced_opengl__11.2.anti_aliasing_offscreen\x64\debug\4.advanc.11f0f5a2.tlog\link.command.1.tlog
e:\graphic\whproject\learnopengl\4.advanced_opengl__11.2.anti_aliasing_offscreen\x64\debug\4.advanc.11f0f5a2.tlog\link.read.1.tlog
e:\graphic\whproject\learnopengl\4.advanced_opengl__11.2.anti_aliasing_offscreen\x64\debug\4.advanc.11f0f5a2.tlog\link.write.1.tlog
