e:\graphic\learnopengl\learnopengl\6.pbr__2.1.2.ibl_irradiance\x64\debug\vc143.pdb
e:\graphic\learnopengl\learnopengl\6.pbr__2.1.2.ibl_irradiance\x64\debug\vc143.idb
e:\graphic\learnopengl\learnopengl\6.pbr__2.1.2.ibl_irradiance\x64\debug\glad.obj
e:\graphic\learnopengl\learnopengl\6.pbr__2.1.2.ibl_irradiance\x64\debug\main.obj
e:\graphic\learnopengl\learnopengl\6.pbr__2.1.2.ibl_irradiance\6.pbr__2.1.2.ibl_irradiance.exe
e:\graphic\learnopengl\learnopengl\6.pbr__2.1.2.ibl_irradiance\x64\debug\6.pbr__2.1.2.ibl_irradiance.ilk
e:\graphic\learnopengl\learnopengl\6.pbr__2.1.2.ibl_irradiance\6.pbr__2.1.2.ibl_irradiance.pdb
e:\graphic\whproject\learnopengl\6.pbr__2.1.2.ibl_irradiance\x64\debug\glad.obj
e:\graphic\whproject\learnopengl\6.pbr__2.1.2.ibl_irradiance\x64\debug\main.obj
e:\graphic\whproject\learnopengl\6.pbr__2.1.2.ibl_irradiance\x64\debug\6.pbr__2.1.2.ibl_irradiance.ilk
e:\graphic\whproject\learnopengl\6.pbr__2.1.2.ibl_irradiance\x64\debug\vc143.idb
e:\graphic\whproject\learnopengl\6.pbr__2.1.2.ibl_irradiance\x64\debug\vc143.pdb
e:\graphic\whproject\learnopengl\\6.pbr__2.1.2.ibl_irradiance\6.pbr__2.1.2.ibl_irradiance.pdb
e:\graphic\whproject\learnopengl\6.pbr__2.1.2.ibl_irradiance\6.pbr__2.1.2.ibl_irradiance.exe
e:\graphic\whproject\learnopengl\6.pbr__2.1.2.ibl_irradiance\x64\debug\6.pbr__2.5c32ab3d.tlog\cl.command.1.tlog
e:\graphic\whproject\learnopengl\6.pbr__2.1.2.ibl_irradiance\x64\debug\6.pbr__2.5c32ab3d.tlog\cl.items.tlog
e:\graphic\whproject\learnopengl\6.pbr__2.1.2.ibl_irradiance\x64\debug\6.pbr__2.5c32ab3d.tlog\cl.read.1.tlog
e:\graphic\whproject\learnopengl\6.pbr__2.1.2.ibl_irradiance\x64\debug\6.pbr__2.5c32ab3d.tlog\cl.write.1.tlog
e:\graphic\whproject\learnopengl\6.pbr__2.1.2.ibl_irradiance\x64\debug\6.pbr__2.5c32ab3d.tlog\link.command.1.tlog
e:\graphic\whproject\learnopengl\6.pbr__2.1.2.ibl_irradiance\x64\debug\6.pbr__2.5c32ab3d.tlog\link.read.1.tlog
e:\graphic\whproject\learnopengl\6.pbr__2.1.2.ibl_irradiance\x64\debug\6.pbr__2.5c32ab3d.tlog\link.write.1.tlog
