e:\graphic\learnopengl\learnopengl\5.advanced_lighting__1.advanced_lighting\x64\debug\vc143.pdb
e:\graphic\learnopengl\learnopengl\5.advanced_lighting__1.advanced_lighting\x64\debug\vc143.idb
e:\graphic\learnopengl\learnopengl\5.advanced_lighting__1.advanced_lighting\x64\debug\glad.obj
e:\graphic\learnopengl\learnopengl\5.advanced_lighting__1.advanced_lighting\x64\debug\main.obj
e:\graphic\learnopengl\learnopengl\5.advanced_lighting__1.advanced_lighting\x64\debug\5.advanced_lighting__1.advanced_lighting.ilk
e:\graphic\learnopengl\learnopengl\5.advanced_lighting__1.advanced_lighting\5.advanced_lighting__1.advanced_lighting.exe
e:\graphic\learnopengl\learnopengl\5.advanced_lighting__1.advanced_lighting\5.advanced_lighting__1.advanced_lighting.pdb
e:\graphic\whproject\learnopengl\5.advanced_lighting__1.advanced_lighting\x64\debug\glad.obj
e:\graphic\whproject\learnopengl\5.advanced_lighting__1.advanced_lighting\x64\debug\main.obj
e:\graphic\whproject\learnopengl\5.advanced_lighting__1.advanced_lighting\x64\debug\5.advanced_lighting__1.advanced_lighting.ilk
e:\graphic\whproject\learnopengl\5.advanced_lighting__1.advanced_lighting\x64\debug\vc143.idb
e:\graphic\whproject\learnopengl\5.advanced_lighting__1.advanced_lighting\x64\debug\vc143.pdb
e:\graphic\whproject\learnopengl\\5.advanced_lighting__1.advanced_lighting\5.advanced_lighting__1.advanced_lighting.pdb
e:\graphic\whproject\learnopengl\5.advanced_lighting__1.advanced_lighting\5.advanced_lighting__1.advanced_lighting.exe
e:\graphic\whproject\learnopengl\5.advanced_lighting__1.advanced_lighting\x64\debug\5.advanc.1238423e.tlog\cl.command.1.tlog
e:\graphic\whproject\learnopengl\5.advanced_lighting__1.advanced_lighting\x64\debug\5.advanc.1238423e.tlog\cl.read.1.tlog
e:\graphic\whproject\learnopengl\5.advanced_lighting__1.advanced_lighting\x64\debug\5.advanc.1238423e.tlog\cl.write.1.tlog
e:\graphic\whproject\learnopengl\5.advanced_lighting__1.advanced_lighting\x64\debug\5.advanc.1238423e.tlog\link.command.1.tlog
e:\graphic\whproject\learnopengl\5.advanced_lighting__1.advanced_lighting\x64\debug\5.advanc.1238423e.tlog\link.read.1.tlog
e:\graphic\whproject\learnopengl\5.advanced_lighting__1.advanced_lighting\x64\debug\5.advanc.1238423e.tlog\link.write.1.tlog
