e:\graphic\learnopengl\learnopengl\4.advanced_opengl__6.2.cubemaps_environment_mapping\x64\debug\vc143.pdb
e:\graphic\learnopengl\learnopengl\4.advanced_opengl__6.2.cubemaps_environment_mapping\x64\debug\vc143.idb
e:\graphic\learnopengl\learnopengl\4.advanced_opengl__6.2.cubemaps_environment_mapping\x64\debug\glad.obj
e:\graphic\learnopengl\learnopengl\4.advanced_opengl__6.2.cubemaps_environment_mapping\x64\debug\main.obj
e:\graphic\learnopengl\learnopengl\4.advanced_opengl__6.2.cubemaps_environment_mapping\x64\debug\4.advanced_opengl__6.2.cubemaps_environment_mapping.ilk
e:\graphic\learnopengl\learnopengl\4.advanced_opengl__6.2.cubemaps_environment_mapping\4.advanced_opengl__6.2.cubemaps_environment_mapping.exe
e:\graphic\learnopengl\learnopengl\4.advanced_opengl__6.2.cubemaps_environment_mapping\4.advanced_opengl__6.2.cubemaps_environment_mapping.pdb
e:\graphic\whproject\learnopengl\4.advanced_opengl__6.2.cubemaps_environment_mapping\x64\debug\glad.obj
e:\graphic\whproject\learnopengl\4.advanced_opengl__6.2.cubemaps_environment_mapping\x64\debug\main.obj
e:\graphic\whproject\learnopengl\4.advanced_opengl__6.2.cubemaps_environment_mapping\x64\debug\4.advanced_opengl__6.2.cubemaps_environment_mapping.ilk
e:\graphic\whproject\learnopengl\4.advanced_opengl__6.2.cubemaps_environment_mapping\x64\debug\vc143.idb
e:\graphic\whproject\learnopengl\4.advanced_opengl__6.2.cubemaps_environment_mapping\x64\debug\vc143.pdb
e:\graphic\whproject\learnopengl\\4.advanced_opengl__6.2.cubemaps_environment_mapping\4.advanced_opengl__6.2.cubemaps_environment_mapping.pdb
e:\graphic\whproject\learnopengl\4.advanced_opengl__6.2.cubemaps_environment_mapping\4.advanced_opengl__6.2.cubemaps_environment_mapping.exe
e:\graphic\whproject\learnopengl\4.advanced_opengl__6.2.cubemaps_environment_mapping\x64\debug\4.advanc.58313e14.tlog\cl.command.1.tlog
e:\graphic\whproject\learnopengl\4.advanced_opengl__6.2.cubemaps_environment_mapping\x64\debug\4.advanc.58313e14.tlog\cl.items.tlog
e:\graphic\whproject\learnopengl\4.advanced_opengl__6.2.cubemaps_environment_mapping\x64\debug\4.advanc.58313e14.tlog\cl.read.1.tlog
e:\graphic\whproject\learnopengl\4.advanced_opengl__6.2.cubemaps_environment_mapping\x64\debug\4.advanc.58313e14.tlog\cl.write.1.tlog
e:\graphic\whproject\learnopengl\4.advanced_opengl__6.2.cubemaps_environment_mapping\x64\debug\4.advanc.58313e14.tlog\link.command.1.tlog
e:\graphic\whproject\learnopengl\4.advanced_opengl__6.2.cubemaps_environment_mapping\x64\debug\4.advanc.58313e14.tlog\link.read.1.tlog
e:\graphic\whproject\learnopengl\4.advanced_opengl__6.2.cubemaps_environment_mapping\x64\debug\4.advanc.58313e14.tlog\link.write.1.tlog
