e:\graphic\learnopengl\learnopengl\5.advanced_lighting__3.1.2.shadow_mapping_base\x64\debug\vc143.pdb
e:\graphic\learnopengl\learnopengl\5.advanced_lighting__3.1.2.shadow_mapping_base\x64\debug\vc143.idb
e:\graphic\learnopengl\learnopengl\5.advanced_lighting__3.1.2.shadow_mapping_base\x64\debug\glad.obj
e:\graphic\learnopengl\learnopengl\5.advanced_lighting__3.1.2.shadow_mapping_base\x64\debug\main.obj
e:\graphic\learnopengl\learnopengl\5.advanced_lighting__3.1.2.shadow_mapping_base\5.advanced_lighting__3.1.2.shadow_mapping_base.exe
e:\graphic\learnopengl\learnopengl\5.advanced_lighting__3.1.2.shadow_mapping_base\x64\debug\5.advanced_lighting__3.1.2.shadow_mapping_base.ilk
e:\graphic\learnopengl\learnopengl\5.advanced_lighting__3.1.2.shadow_mapping_base\5.advanced_lighting__3.1.2.shadow_mapping_base.pdb
e:\graphic\whproject\learnopengl\5.advanced_lighting__3.1.2.shadow_mapping_base\x64\debug\glad.obj
e:\graphic\whproject\learnopengl\5.advanced_lighting__3.1.2.shadow_mapping_base\x64\debug\main.obj
e:\graphic\whproject\learnopengl\5.advanced_lighting__3.1.2.shadow_mapping_base\x64\debug\5.advanced_lighting__3.1.2.shadow_mapping_base.ilk
e:\graphic\whproject\learnopengl\5.advanced_lighting__3.1.2.shadow_mapping_base\x64\debug\vc143.idb
e:\graphic\whproject\learnopengl\5.advanced_lighting__3.1.2.shadow_mapping_base\x64\debug\vc143.pdb
e:\graphic\whproject\learnopengl\\5.advanced_lighting__3.1.2.shadow_mapping_base\5.advanced_lighting__3.1.2.shadow_mapping_base.pdb
e:\graphic\whproject\learnopengl\5.advanced_lighting__3.1.2.shadow_mapping_base\5.advanced_lighting__3.1.2.shadow_mapping_base.exe
e:\graphic\whproject\learnopengl\5.advanced_lighting__3.1.2.shadow_mapping_base\x64\debug\5.advanc.7b0afbef.tlog\cl.command.1.tlog
e:\graphic\whproject\learnopengl\5.advanced_lighting__3.1.2.shadow_mapping_base\x64\debug\5.advanc.7b0afbef.tlog\cl.read.1.tlog
e:\graphic\whproject\learnopengl\5.advanced_lighting__3.1.2.shadow_mapping_base\x64\debug\5.advanc.7b0afbef.tlog\cl.write.1.tlog
e:\graphic\whproject\learnopengl\5.advanced_lighting__3.1.2.shadow_mapping_base\x64\debug\5.advanc.7b0afbef.tlog\link.command.1.tlog
e:\graphic\whproject\learnopengl\5.advanced_lighting__3.1.2.shadow_mapping_base\x64\debug\5.advanc.7b0afbef.tlog\link.read.1.tlog
e:\graphic\whproject\learnopengl\5.advanced_lighting__3.1.2.shadow_mapping_base\x64\debug\5.advanc.7b0afbef.tlog\link.write.1.tlog
