e:\graphic\learnopengl\learnopengl\6.pbr__2.2.2.ibl_specular_textured\x64\debug\vc143.pdb
e:\graphic\learnopengl\learnopengl\6.pbr__2.2.2.ibl_specular_textured\x64\debug\vc143.idb
e:\graphic\learnopengl\learnopengl\6.pbr__2.2.2.ibl_specular_textured\x64\debug\glad.obj
e:\graphic\learnopengl\learnopengl\6.pbr__2.2.2.ibl_specular_textured\x64\debug\main.obj
e:\graphic\learnopengl\learnopengl\6.pbr__2.2.2.ibl_specular_textured\6.pbr__2.2.2.ibl_specular_textured.exe
e:\graphic\learnopengl\learnopengl\6.pbr__2.2.2.ibl_specular_textured\x64\debug\6.pbr__2.2.2.ibl_specular_textured.ilk
e:\graphic\learnopengl\learnopengl\6.pbr__2.2.2.ibl_specular_textured\6.pbr__2.2.2.ibl_specular_textured.pdb
e:\graphic\whproject\learnopengl\6.pbr__2.2.2.ibl_specular_textured\x64\debug\glad.obj
e:\graphic\whproject\learnopengl\6.pbr__2.2.2.ibl_specular_textured\x64\debug\main.obj
e:\graphic\whproject\learnopengl\6.pbr__2.2.2.ibl_specular_textured\x64\debug\6.pbr__2.2.2.ibl_specular_textured.ilk
e:\graphic\whproject\learnopengl\6.pbr__2.2.2.ibl_specular_textured\x64\debug\vc143.idb
e:\graphic\whproject\learnopengl\6.pbr__2.2.2.ibl_specular_textured\x64\debug\vc143.pdb
e:\graphic\whproject\learnopengl\\6.pbr__2.2.2.ibl_specular_textured\6.pbr__2.2.2.ibl_specular_textured.pdb
e:\graphic\whproject\learnopengl\6.pbr__2.2.2.ibl_specular_textured\6.pbr__2.2.2.ibl_specular_textured.exe
e:\graphic\whproject\learnopengl\6.pbr__2.2.2.ibl_specular_textured\x64\debug\6.pbr__2.81b570d7.tlog\cl.command.1.tlog
e:\graphic\whproject\learnopengl\6.pbr__2.2.2.ibl_specular_textured\x64\debug\6.pbr__2.81b570d7.tlog\cl.items.tlog
e:\graphic\whproject\learnopengl\6.pbr__2.2.2.ibl_specular_textured\x64\debug\6.pbr__2.81b570d7.tlog\cl.read.1.tlog
e:\graphic\whproject\learnopengl\6.pbr__2.2.2.ibl_specular_textured\x64\debug\6.pbr__2.81b570d7.tlog\cl.write.1.tlog
e:\graphic\whproject\learnopengl\6.pbr__2.2.2.ibl_specular_textured\x64\debug\6.pbr__2.81b570d7.tlog\link.command.1.tlog
e:\graphic\whproject\learnopengl\6.pbr__2.2.2.ibl_specular_textured\x64\debug\6.pbr__2.81b570d7.tlog\link.read.1.tlog
e:\graphic\whproject\learnopengl\6.pbr__2.2.2.ibl_specular_textured\x64\debug\6.pbr__2.81b570d7.tlog\link.write.1.tlog
