e:\graphic\learnopengl\learnopengl\5.advanced_lighting__6.hdr\x64\debug\vc143.pdb
e:\graphic\learnopengl\learnopengl\5.advanced_lighting__6.hdr\x64\debug\vc143.idb
e:\graphic\learnopengl\learnopengl\5.advanced_lighting__6.hdr\x64\debug\glad.obj
e:\graphic\learnopengl\learnopengl\5.advanced_lighting__6.hdr\x64\debug\main.obj
e:\graphic\learnopengl\learnopengl\5.advanced_lighting__6.hdr\5.advanced_lighting__6.hdr.exe
e:\graphic\learnopengl\learnopengl\5.advanced_lighting__6.hdr\x64\debug\5.advanced_lighting__6.hdr.ilk
e:\graphic\learnopengl\learnopengl\5.advanced_lighting__6.hdr\5.advanced_lighting__6.hdr.pdb
e:\graphic\whproject\learnopengl\5.advanced_lighting__6.hdr\x64\debug\glad.obj
e:\graphic\whproject\learnopengl\5.advanced_lighting__6.hdr\x64\debug\main.obj
e:\graphic\whproject\learnopengl\5.advanced_lighting__6.hdr\x64\debug\5.advanced_lighting__6.hdr.ilk
e:\graphic\whproject\learnopengl\5.advanced_lighting__6.hdr\x64\debug\vc143.idb
e:\graphic\whproject\learnopengl\5.advanced_lighting__6.hdr\x64\debug\vc143.pdb
e:\graphic\whproject\learnopengl\\5.advanced_lighting__6.hdr\5.advanced_lighting__6.hdr.pdb
e:\graphic\whproject\learnopengl\5.advanced_lighting__6.hdr\5.advanced_lighting__6.hdr.exe
e:\graphic\whproject\learnopengl\5.advanced_lighting__6.hdr\x64\debug\5.advanc.d057485a.tlog\cl.command.1.tlog
e:\graphic\whproject\learnopengl\5.advanced_lighting__6.hdr\x64\debug\5.advanc.d057485a.tlog\cl.read.1.tlog
e:\graphic\whproject\learnopengl\5.advanced_lighting__6.hdr\x64\debug\5.advanc.d057485a.tlog\cl.write.1.tlog
e:\graphic\whproject\learnopengl\5.advanced_lighting__6.hdr\x64\debug\5.advanc.d057485a.tlog\link.command.1.tlog
e:\graphic\whproject\learnopengl\5.advanced_lighting__6.hdr\x64\debug\5.advanc.d057485a.tlog\link.read.1.tlog
e:\graphic\whproject\learnopengl\5.advanced_lighting__6.hdr\x64\debug\5.advanc.d057485a.tlog\link.write.1.tlog
