e:\graphic\learnopengl\learnopengl\4.advanced_opengl__8.advanced_glsl_ubo\x64\debug\vc143.pdb
e:\graphic\learnopengl\learnopengl\4.advanced_opengl__8.advanced_glsl_ubo\x64\debug\vc143.idb
e:\graphic\learnopengl\learnopengl\4.advanced_opengl__8.advanced_glsl_ubo\x64\debug\glad.obj
e:\graphic\learnopengl\learnopengl\4.advanced_opengl__8.advanced_glsl_ubo\x64\debug\main.obj
e:\graphic\learnopengl\learnopengl\4.advanced_opengl__8.advanced_glsl_ubo\4.advanced_opengl__8.advanced_glsl_ubo.exe
e:\graphic\learnopengl\learnopengl\4.advanced_opengl__8.advanced_glsl_ubo\x64\debug\4.advanced_opengl__8.advanced_glsl_ubo.ilk
e:\graphic\learnopengl\learnopengl\4.advanced_opengl__8.advanced_glsl_ubo\4.advanced_opengl__8.advanced_glsl_ubo.pdb
e:\graphic\whproject\learnopengl\4.advanced_opengl__8.advanced_glsl_ubo\x64\debug\glad.obj
e:\graphic\whproject\learnopengl\4.advanced_opengl__8.advanced_glsl_ubo\x64\debug\main.obj
e:\graphic\whproject\learnopengl\4.advanced_opengl__8.advanced_glsl_ubo\x64\debug\4.advanced_opengl__8.advanced_glsl_ubo.ilk
e:\graphic\whproject\learnopengl\4.advanced_opengl__8.advanced_glsl_ubo\x64\debug\vc143.idb
e:\graphic\whproject\learnopengl\4.advanced_opengl__8.advanced_glsl_ubo\x64\debug\vc143.pdb
e:\graphic\whproject\learnopengl\\4.advanced_opengl__8.advanced_glsl_ubo\4.advanced_opengl__8.advanced_glsl_ubo.pdb
e:\graphic\whproject\learnopengl\4.advanced_opengl__8.advanced_glsl_ubo\4.advanced_opengl__8.advanced_glsl_ubo.exe
e:\graphic\whproject\learnopengl\4.advanced_opengl__8.advanced_glsl_ubo\x64\debug\4.advanc.50dd7d35.tlog\cl.command.1.tlog
e:\graphic\whproject\learnopengl\4.advanced_opengl__8.advanced_glsl_ubo\x64\debug\4.advanc.50dd7d35.tlog\cl.read.1.tlog
e:\graphic\whproject\learnopengl\4.advanced_opengl__8.advanced_glsl_ubo\x64\debug\4.advanc.50dd7d35.tlog\cl.write.1.tlog
e:\graphic\whproject\learnopengl\4.advanced_opengl__8.advanced_glsl_ubo\x64\debug\4.advanc.50dd7d35.tlog\link.command.1.tlog
e:\graphic\whproject\learnopengl\4.advanced_opengl__8.advanced_glsl_ubo\x64\debug\4.advanc.50dd7d35.tlog\link.read.1.tlog
e:\graphic\whproject\learnopengl\4.advanced_opengl__8.advanced_glsl_ubo\x64\debug\4.advanc.50dd7d35.tlog\link.write.1.tlog
